#
# A fatal error has been detected by the Java Runtime Environment:
#
#  EXCEPTION_ACCESS_VIOLATION (0xc0000005) at pc=0x0000021896d405d0, pid=9812, tid=12176
#
# JRE version: Java(TM) SE Runtime Environment (18.0.1.1+2) (build 18.0.1.1+2-6)
# Java VM: Java HotSpot(TM) 64-Bit Server VM (18.0.1.1+2-6, mixed mode, sharing, tiered, compressed oops, compressed class ptrs, g1 gc, windows-amd64)
# Problematic frame:
# v  ~BufferBlob::MethodHandles adapters
#
# No core dump will be written. Minidumps are not enabled by default on client versions of Windows
#
# If you would like to submit a bug report, please visit:
#   https://bugreport.java.com/bugreport/crash.jsp
#

---------------  S U M M A R Y ------------

Command Line: -XX:+ShowCodeDetailsInExceptionMessages -agentlib:jdwp=transport=dt_socket,suspend=y,address=localhost:32829 -ea -javaagent:C:\Users\Kamdon Bird\eclipse\java-2022-06\eclipse\configuration\org.eclipse.osgi\215\0\.cp\lib\javaagent-shaded.jar -Dfile.encoding=UTF-8 org.eclipse.jdt.internal.junit.runner.RemoteTestRunner -version 3 -port 32828 -testLoaderClass org.eclipse.jdt.internal.junit5.runner.JUnit5TestLoader -loaderpluginname org.eclipse.jdt.junit5.runtime -classNames a01.PercolationTest

Host: 12th Gen Intel(R) Core(TM) i7-12700KF, 20 cores, 31G,  Windows 11 , 64 bit Build 22621 (10.0.22621.608)
Time: Sat Oct 22 10:46:22 2022 Mountain Daylight Time elapsed time: 15.152151 seconds (0d 0h 0m 15s)

---------------  T H R E A D  ---------------

Current thread (0x000002188f3d34d0):  JavaThread "main" [_thread_in_Java, id=12176, stack(0x000000a151a00000,0x000000a151b00000)]

Stack: [0x000000a151a00000,0x000000a151b00000],  sp=0x000000a151afca98,  free space=1010k
Native frames: (J=compiled Java code, j=interpreted, Vv=VM code, C=native code)
C  0x0000021896d405d0


siginfo: EXCEPTION_ACCESS_VIOLATION (0xc0000005), reading address 0xffffffffffffffff


Register to memory mapping:

RIP=0x0000021896d405d0 is at begin+68 in a stub
MethodHandle::interpreter_entry::_linkToSpecial [0x0000021896d4058c, 0x0000021896d405db] (79 bytes)
RAX=0x0000021896d09efa is at code_begin+3482 in an Interpreter codelet
return entry points  [0x0000021896d09160, 0x0000021896d0b380]  8736 bytes
RBX=0xc41de08700000000 is an unknown value
RCX=0x000000a151afcaa0 is pointing into the stack for thread: 0x000002188f3d34d0
RDX=0x0000000000000002 is an unknown value
RSP=0x000000a151afca98 is pointing into the stack for thread: 0x000002188f3d34d0
RBP=0x000000a151afcae8 is pointing into the stack for thread: 0x000002188f3d34d0
RSI=0x00000218c1bffd18 points into unknown readable memory: 0x88001100b62b9a09 | 09 9a 2b b6 00 11 00 88
RDI=0x00000218c16940c0 points into unknown readable memory: 0x0000001800000070 | 70 00 00 00 18 00 00 00
R8 =0x0000000000000002 is an unknown value
R9 =0x0000000000000002 is an unknown value
R10=0x0000000800000000 is pointing into metadata
R11={method} {0x00000008000c8c38} 'newInvokeSpecial' '(Ljava/lang/Object;)Ljava/lang/Object;' in 'java/lang/invoke/DirectMethodHandle$Holder'
R12=0x0 is NULL
R13=0x000000a151afca98 is pointing into the stack for thread: 0x000002188f3d34d0
R14=0x000000a151afcb08 is pointing into the stack for thread: 0x000002188f3d34d0
R15=0x000002188f3d34d0 is a thread


Registers:
RAX=0x0000021896d09efa, RBX=0xc41de08700000000, RCX=0x000000a151afcaa0, RDX=0x0000000000000002
RSP=0x000000a151afca98, RBP=0x000000a151afcae8, RSI=0x00000218c1bffd18, RDI=0x00000218c16940c0
R8 =0x0000000000000002, R9 =0x0000000000000002, R10=0x0000000800000000, R11=0x00000008000c8c30
R12=0x0000000000000000, R13=0x000000a151afca98, R14=0x000000a151afcb08, R15=0x000002188f3d34d0
RIP=0x0000021896d405d0, EFLAGS=0x0000000000010202

Top of Stack: (sp=0x000000a151afca98)
0x000000a151afca98:   0000021896d09efa 000000a151afcaa0
0x000000a151afcaa8:   00000008006decaf 000000a151afcb08
0x000000a151afcab8:   00000008000c49e8 00000218bcefe018
0x000000a151afcac8:   0000000620470b30 00000008000c8c30
0x000000a151afcad8:   000000a151afca98 000000a151afcb10
0x000000a151afcae8:   000000a151afcdc8 00000218976202b6
0x000000a151afcaf8:   0000000620ef0340 0000000620ef03e8
0x000000a151afcb08:   0000000620ef03a0 000000a151afcb10
0x000000a151afcb18:   00000008007e76fe 0000000620ef03d0
0x000000a151afcb28:   0000000000000000 000000a151afcb30
0x000000a151afcb38:   0000000800624b98 000000a151afcb98
0x000000a151afcb48:   0000000800046d78 0000000000000000
0x000000a151afcb58:   000000062046d628 0000000800048888
0x000000a151afcb68:   0000000000000000 000000a151afcb90
0x000000a151afcb78:   000000a151afcbe8 0000021896d09efa
0x000000a151afcb88:   0000000000000000 0000000620ef03d0 

Instructions: (pc=0x0000021896d405d0)
0x0000021896d404d0:   bf 80 04 00 00 00 74 03 ff 63 38 ff 63 50 e9 1d
0x0000021896d404e0:   16 00 00 66 66 66 0f 1f 84 00 00 00 00 00 66 66
0x0000021896d404f0:   66 90 66 66 0f 1f 84 00 00 00 00 00 66 66 66 90
0x0000021896d40500:   48 8b 53 08 0f b7 52 2c 48 8b 0c d4 58 5b 50 44
0x0000021896d40510:   8b 51 08 49 bb 00 00 00 00 08 00 00 00 4d 03 d3
0x0000021896d40520:   4c 8b 5b 10 4b 8b 9c da b8 01 00 00 48 85 db 0f
0x0000021896d40530:   84 10 00 00 00 41 80 bf 80 04 00 00 00 74 03 ff
0x0000021896d40540:   63 38 ff 63 50 e9 b6 15 00 00 66 66 66 0f 1f 84
0x0000021896d40550:   00 00 00 00 00 66 66 66 90 0f 1f 80 00 00 00 00
0x0000021896d40560:   58 5b 50 8b 5b 24 48 c1 e3 03 48 8b 5b 10 48 85
0x0000021896d40570:   db 0f 84 10 00 00 00 41 80 bf 80 04 00 00 00 74
0x0000021896d40580:   03 ff 63 38 ff 63 50 e9 74 15 00 00 66 66 66 0f
0x0000021896d40590:   1f 84 00 00 00 00 00 66 66 66 90 0f 1f 44 00 00
0x0000021896d405a0:   48 8b 53 08 0f b7 52 2c 48 8b 0c d4 58 5b 50 48
0x0000021896d405b0:   3b 01 8b 5b 24 48 c1 e3 03 48 8b 5b 10 48 85 db
0x0000021896d405c0:   0f 84 10 00 00 00 41 80 bf 80 04 00 00 00 74 03
0x0000021896d405d0:   ff 63 38 ff 63 50 e9 25 15 00 00 0f 1f 44 00 00
0x0000021896d405e0:   48 8b 53 08 0f b7 52 2c 48 8b 0c d4 58 5b 50 44
0x0000021896d405f0:   8b 51 08 49 bb 00 00 00 00 08 00 00 00 4d 03 d3
0x0000021896d40600:   8b 43 18 48 c1 e0 03 48 8b 40 10 48 8b 5b 10 45
0x0000021896d40610:   8b 9a a0 00 00 00 4f 8d 9c da b8 01 00 00 4d 8d
0x0000021896d40620:   14 da 49 8b 1b 48 3b c3 74 15 48 85 db 0f 84 32
0x0000021896d40630:   00 00 00 49 83 c3 10 49 8b 1b 48 3b c3 75 eb 45
0x0000021896d40640:   8b 5b 08 4b 8b 1c 1a 48 85 db 0f 84 10 00 00 00
0x0000021896d40650:   41 80 bf 80 04 00 00 00 74 03 ff 63 38 ff 63 50
0x0000021896d40660:   e9 9b 14 00 00 e9 96 11 00 00 f4 00 00 00 00 00
0x0000021896d40670:   00 00 00 00 00 00 00 00 00 00 00 00 00 00 00 00
0x0000021896d40680:   00 00 00 00 00 00 00 00 00 00 00 00 00 00 00 00
0x0000021896d40690:   00 00 00 00 00 00 00 00 00 00 00 00 00 00 00 00
0x0000021896d406a0:   00 00 00 00 00 00 00 00 00 00 00 00 00 00 00 00
0x0000021896d406b0:   00 00 00 00 00 00 00 00 00 00 00 00 00 00 00 00
0x0000021896d406c0:   00 00 00 00 00 00 00 00 00 00 00 00 00 00 00 00 


Stack slot to memory mapping:
stack at sp + 0 slots: 0x0000021896d09efa is at code_begin+3482 in an Interpreter codelet
return entry points  [0x0000021896d09160, 0x0000021896d0b380]  8736 bytes
stack at sp + 1 slots: 0x000000a151afcaa0 is pointing into the stack for thread: 0x000002188f3d34d0
stack at sp + 2 slots: 0x00000008006decaf is pointing into metadata
stack at sp + 3 slots: 0x000000a151afcb08 is pointing into the stack for thread: 0x000002188f3d34d0
stack at sp + 4 slots: 0x00000008000c49e8 is pointing into metadata
stack at sp + 5 slots: 0x00000218bcefe018 is pointing into metadata
stack at sp + 6 slots: 0x0000000620470b30 is an oop: java.lang.Class 
{0x0000000620470b30} - klass: 'java/lang/Class'
 - ---- fields (total size 14 words):
 - private volatile transient 'classRedefinedCount' 'I' @12  0
 - abstract internal 'klass' 'J' @16  34360542728 (c4608 8)
 - abstract internal 'array_klass' 'J' @24  0 (0 0)
 - abstract internal 'oop_size' 'I' @32  14 (e)
 - abstract internal 'static_oop_field_count' 'I' @36  0
 - private volatile transient 'cachedConstructor' 'Ljava/lang/reflect/Constructor;' @40  NULL (0)
 - private transient 'name' 'Ljava/lang/String;' @44  NULL (0)
 - private transient 'module' 'Ljava/lang/Module;' @48  a 'java/lang/Module'{0x000000062043c9d0} (c408793a)
 - private final 'classLoader' 'Ljava/lang/ClassLoader;' @52  NULL (0)
 - private transient 'classData' 'Ljava/lang/Object;' @56  NULL (0)
 - private transient 'packageName' 'Ljava/lang/String;' @60  NULL (0)
 - private final 'componentType' 'Ljava/lang/Class;' @64  NULL (0)
 - private volatile transient 'reflectionData' 'Ljava/lang/ref/SoftReference;' @68  NULL (0)
 - private volatile transient 'genericInfo' 'Lsun/reflect/generics/repository/ClassRepository;' @72  NULL (0)
 - private volatile transient 'enumConstants' '[Ljava/lang/Object;' @76  NULL (0)
 - private volatile transient 'enumConstantDirectory' 'Ljava/util/Map;' @80  NULL (0)
 - private volatile transient 'annotationData' 'Ljava/lang/Class$AnnotationData;' @84  NULL (0)
 - private volatile transient 'annotationType' 'Lsun/reflect/annotation/AnnotationType;' @88  NULL (0)
 - transient 'classValueMap' 'Ljava/lang/ClassValue$ClassValueMap;' @92  NULL (0)
 - abstract internal 'protection_domain' 'Ljava/lang/Object;' @96  NULL (0)
 - abstract internal 'signers_name' 'Ljava/lang/Object;' @100  NULL (0)
 - abstract internal 'source_file' 'Ljava/lang/Object;' @104  NULL (0)
 - signature: Ljava/lang/invoke/DirectMethodHandle$Holder;
 - ---- static fields (0):
stack at sp + 7 slots: {method} {0x00000008000c8c38} 'newInvokeSpecial' '(Ljava/lang/Object;)Ljava/lang/Object;' in 'java/lang/invoke/DirectMethodHandle$Holder'

MethodHandle::interpreter_entry::_linkToSpecial [0x0000021896d4058c, 0x0000021896d405db] (79 bytes)
[MachCode]
  0x0000021896d4058c: 6666 660f | 1f84 0000 | 0000 0066 | 6666 900f | 1f44 0000 | 488b 5308 | 0fb7 522c | 488b 0cd4 
  0x0000021896d405ac: 585b 5048 | 3b01 8b5b | 2448 c1e3 | 0348 8b5b | 1048 85db | 0f84 1000 | 0000 4180 | bf80 0400 
  0x0000021896d405cc: 0000 7403 | ff63 38ff | 6350 e925 | 
[/MachCode]

---------------  P R O C E S S  ---------------

Threads class SMR info:
_java_thread_list=0x00000218c1743510, length=16, elements={
0x000002188f3d34d0, 0x00000218b99718b0, 0x00000218b9972250, 0x00000218b9991190,
0x00000218b9991a40, 0x00000218b99923e0, 0x00000218b9995dc0, 0x00000218b999bdc0,
0x00000218c0c080e0, 0x00000218b999d670, 0x00000218b995ed30, 0x00000218c0db9110,
0x00000218c0dbbdc0, 0x00000218c0dbf8b0, 0x00000218c0ffe3a0, 0x00000218c14caac0
}

Java Threads: ( => current thread )
=>0x000002188f3d34d0 JavaThread "main" [_thread_in_Java, id=12176, stack(0x000000a151a00000,0x000000a151b00000)]
  0x00000218b99718b0 JavaThread "Reference Handler" daemon [_thread_blocked, id=4024, stack(0x000000a152100000,0x000000a152200000)]
  0x00000218b9972250 JavaThread "Finalizer" daemon [_thread_blocked, id=4392, stack(0x000000a152200000,0x000000a152300000)]
  0x00000218b9991190 JavaThread "Signal Dispatcher" daemon [_thread_blocked, id=5276, stack(0x000000a152300000,0x000000a152400000)]
  0x00000218b9991a40 JavaThread "Attach Listener" daemon [_thread_blocked, id=11488, stack(0x000000a152400000,0x000000a152500000)]
  0x00000218b99923e0 JavaThread "Service Thread" daemon [_thread_blocked, id=9516, stack(0x000000a152500000,0x000000a152600000)]
  0x00000218b9995dc0 JavaThread "Monitor Deflation Thread" daemon [_thread_blocked, id=3260, stack(0x000000a152600000,0x000000a152700000)]
  0x00000218b999bdc0 JavaThread "C2 CompilerThread0" daemon [_thread_blocked, id=12964, stack(0x000000a152700000,0x000000a152800000)]
  0x00000218c0c080e0 JavaThread "C1 CompilerThread0" daemon [_thread_blocked, id=2100, stack(0x000000a152800000,0x000000a152900000)]
  0x00000218b999d670 JavaThread "Sweeper thread" daemon [_thread_blocked, id=7960, stack(0x000000a152900000,0x000000a152a00000)]
  0x00000218b995ed30 JavaThread "Common-Cleaner" daemon [_thread_blocked, id=8632, stack(0x000000a152a00000,0x000000a152b00000)]
  0x00000218c0db9110 JavaThread "JDWP Transport Listener: dt_socket" daemon [_thread_blocked, id=3020, stack(0x000000a152e00000,0x000000a152f00000)]
  0x00000218c0dbbdc0 JavaThread "JDWP Event Helper Thread" daemon [_thread_blocked, id=1320, stack(0x000000a152f00000,0x000000a153000000)]
  0x00000218c0dbf8b0 JavaThread "JDWP Command Reader" daemon [_thread_in_native, id=7820, stack(0x000000a153000000,0x000000a153100000)]
  0x00000218c0ffe3a0 JavaThread "Notification Thread" daemon [_thread_blocked, id=8040, stack(0x000000a153200000,0x000000a153300000)]
  0x00000218c14caac0 JavaThread "ReaderThread" [_thread_in_native, id=8236, stack(0x000000a153500000,0x000000a153600000)]

Other Threads:
  0x00000218b97fd8f0 VMThread "VM Thread" [stack: 0x000000a152000000,0x000000a152100000] [id=14768]
  0x00000218c13870f0 WatcherThread "VM Periodic Task Thread" [stack: 0x000000a153300000,0x000000a153400000] [id=13992]
  0x000002188f485a60 WorkerThread "GC Thread#0" [stack: 0x000000a151b00000,0x000000a151c00000] [id=11852]
  0x00000218c2096e60 WorkerThread "GC Thread#1" [stack: 0x000000a153600000,0x000000a153700000] [id=16560]
  0x00000218c1d78f20 WorkerThread "GC Thread#2" [stack: 0x000000a153700000,0x000000a153800000] [id=3160]
  0x00000218c1d64050 WorkerThread "GC Thread#3" [stack: 0x000000a153800000,0x000000a153900000] [id=4420]
  0x00000218c1d642f0 WorkerThread "GC Thread#4" [stack: 0x000000a153900000,0x000000a153a00000] [id=17252]
  0x00000218c16f9330 WorkerThread "GC Thread#5" [stack: 0x000000a153a00000,0x000000a153b00000] [id=7828]
  0x00000218c16f95d0 WorkerThread "GC Thread#6" [stack: 0x000000a153b00000,0x000000a153c00000] [id=13028]
  0x00000218c1d64590 WorkerThread "GC Thread#7" [stack: 0x000000a153c00000,0x000000a153d00000] [id=15904]
  0x00000218c1aba590 WorkerThread "GC Thread#8" [stack: 0x000000a153d00000,0x000000a153e00000] [id=4596]
  0x00000218c1aba830 WorkerThread "GC Thread#9" [stack: 0x000000a153e00000,0x000000a153f00000] [id=7100]
  0x00000218c1d64830 WorkerThread "GC Thread#10" [stack: 0x000000a153f00000,0x000000a154000000] [id=16748]
  0x00000218c1d64ad0 WorkerThread "GC Thread#11" [stack: 0x000000a154000000,0x000000a154100000] [id=3832]
  0x00000218b97a8260 ConcurrentGCThread "G1 Main Marker" [stack: 0x000000a151c00000,0x000000a151d00000] [id=15136]
  0x00000218b97a8c50 WorkerThread "G1 Conc#0" [stack: 0x000000a151d00000,0x000000a151e00000] [id=10492]
  0x00000218b98298e0 ConcurrentGCThread "G1 Refine#0" [stack: 0x000000a151e00000,0x000000a151f00000] [id=4780]
  0x00000218b982b0a0 ConcurrentGCThread "G1 Service" [stack: 0x000000a151f00000,0x000000a152000000] [id=3120]

Threads with active compile tasks:

VM state: not at safepoint (normal execution)

VM Mutex/Monitor currently owned by a thread: None

Heap address: 0x0000000602000000, size: 8160 MB, Compressed Oops mode: Zero based, Oop shift amount: 3

CDS archive(s) mapped at: [0x0000000800000000-0x0000000800ba0000-0x0000000800ba0000), size 12189696, SharedBaseAddress: 0x0000000800000000, ArchiveRelocationMode: 0.
Compressed class space mapped at: 0x0000000800c00000-0x0000000840c00000, reserved size: 1073741824
Narrow klass base: 0x0000000800000000, Narrow klass shift: 0, Narrow klass range: 0x100000000

GC Precious Log:
 CardTable entry size: 512
 Card Set container configuration: InlinePtr #cards 4 size 8 Array Of Cards #cards 32 size 80 Howl #buckets 8 coarsen threshold 7372 Howl Bitmap #cards 1024 size 144 coarsen threshold 921 Card regions per heap region 1 cards per card region 8192
 CPUs: 20 total, 20 available
 Memory: 32627M
 Large Page Support: Disabled
 NUMA Support: Disabled
 Compressed Oops: Enabled (Zero based)
 Heap Region Size: 4M
 Heap Min Capacity: 8M
 Heap Initial Capacity: 512M
 Heap Max Capacity: 8160M
 Pre-touch: Disabled
 Parallel Workers: 15
 Concurrent Workers: 4
 Concurrent Refinement Workers: 15
 Periodic GC: Disabled

Heap:
 garbage-first heap   total 524288K, used 19783K [0x0000000602000000, 0x0000000800000000)
  region size 4096K, 6 young (24576K), 1 survivors (4096K)
 Metaspace       used 7238K, committed 7424K, reserved 1114112K
  class space    used 774K, committed 832K, reserved 1048576K

Heap Regions: E=young(eden), S=young(survivor), O=old, HS=humongous(starts), HC=humongous(continues), CS=collection set, F=free, OA=open archive, CA=closed archive, TAMS=top-at-mark-start (previous, next)
|   0|0x0000000602000000, 0x0000000602000000, 0x0000000602400000|  0%| F|  |TAMS 0x0000000602000000, 0x0000000602000000| Untracked 
|   1|0x0000000602400000, 0x0000000602400000, 0x0000000602800000|  0%| F|  |TAMS 0x0000000602400000, 0x0000000602400000| Untracked 
|   2|0x0000000602800000, 0x0000000602800000, 0x0000000602c00000|  0%| F|  |TAMS 0x0000000602800000, 0x0000000602800000| Untracked 
|   3|0x0000000602c00000, 0x0000000602c00000, 0x0000000603000000|  0%| F|  |TAMS 0x0000000602c00000, 0x0000000602c00000| Untracked 
|   4|0x0000000603000000, 0x0000000603000000, 0x0000000603400000|  0%| F|  |TAMS 0x0000000603000000, 0x0000000603000000| Untracked 
|   5|0x0000000603400000, 0x0000000603400000, 0x0000000603800000|  0%| F|  |TAMS 0x0000000603400000, 0x0000000603400000| Untracked 
|   6|0x0000000603800000, 0x0000000603800000, 0x0000000603c00000|  0%| F|  |TAMS 0x0000000603800000, 0x0000000603800000| Untracked 
|   7|0x0000000603c00000, 0x0000000603c00000, 0x0000000604000000|  0%| F|  |TAMS 0x0000000603c00000, 0x0000000603c00000| Untracked 
|   8|0x0000000604000000, 0x0000000604000000, 0x0000000604400000|  0%| F|  |TAMS 0x0000000604000000, 0x0000000604000000| Untracked 
|   9|0x0000000604400000, 0x0000000604400000, 0x0000000604800000|  0%| F|  |TAMS 0x0000000604400000, 0x0000000604400000| Untracked 
|  10|0x0000000604800000, 0x0000000604800000, 0x0000000604c00000|  0%| F|  |TAMS 0x0000000604800000, 0x0000000604800000| Untracked 
|  11|0x0000000604c00000, 0x0000000604c00000, 0x0000000605000000|  0%| F|  |TAMS 0x0000000604c00000, 0x0000000604c00000| Untracked 
|  12|0x0000000605000000, 0x0000000605000000, 0x0000000605400000|  0%| F|  |TAMS 0x0000000605000000, 0x0000000605000000| Untracked 
|  13|0x0000000605400000, 0x0000000605400000, 0x0000000605800000|  0%| F|  |TAMS 0x0000000605400000, 0x0000000605400000| Untracked 
|  14|0x0000000605800000, 0x0000000605800000, 0x0000000605c00000|  0%| F|  |TAMS 0x0000000605800000, 0x0000000605800000| Untracked 
|  15|0x0000000605c00000, 0x0000000605c00000, 0x0000000606000000|  0%| F|  |TAMS 0x0000000605c00000, 0x0000000605c00000| Untracked 
|  16|0x0000000606000000, 0x0000000606000000, 0x0000000606400000|  0%| F|  |TAMS 0x0000000606000000, 0x0000000606000000| Untracked 
|  17|0x0000000606400000, 0x0000000606400000, 0x0000000606800000|  0%| F|  |TAMS 0x0000000606400000, 0x0000000606400000| Untracked 
|  18|0x0000000606800000, 0x0000000606800000, 0x0000000606c00000|  0%| F|  |TAMS 0x0000000606800000, 0x0000000606800000| Untracked 
|  19|0x0000000606c00000, 0x0000000606c00000, 0x0000000607000000|  0%| F|  |TAMS 0x0000000606c00000, 0x0000000606c00000| Untracked 
|  20|0x0000000607000000, 0x0000000607000000, 0x0000000607400000|  0%| F|  |TAMS 0x0000000607000000, 0x0000000607000000| Untracked 
|  21|0x0000000607400000, 0x0000000607400000, 0x0000000607800000|  0%| F|  |TAMS 0x0000000607400000, 0x0000000607400000| Untracked 
|  22|0x0000000607800000, 0x0000000607800000, 0x0000000607c00000|  0%| F|  |TAMS 0x0000000607800000, 0x0000000607800000| Untracked 
|  23|0x0000000607c00000, 0x0000000607c00000, 0x0000000608000000|  0%| F|  |TAMS 0x0000000607c00000, 0x0000000607c00000| Untracked 
|  24|0x0000000608000000, 0x0000000608000000, 0x0000000608400000|  0%| F|  |TAMS 0x0000000608000000, 0x0000000608000000| Untracked 
|  25|0x0000000608400000, 0x0000000608400000, 0x0000000608800000|  0%| F|  |TAMS 0x0000000608400000, 0x0000000608400000| Untracked 
|  26|0x0000000608800000, 0x0000000608800000, 0x0000000608c00000|  0%| F|  |TAMS 0x0000000608800000, 0x0000000608800000| Untracked 
|  27|0x0000000608c00000, 0x0000000608c00000, 0x0000000609000000|  0%| F|  |TAMS 0x0000000608c00000, 0x0000000608c00000| Untracked 
|  28|0x0000000609000000, 0x0000000609000000, 0x0000000609400000|  0%| F|  |TAMS 0x0000000609000000, 0x0000000609000000| Untracked 
|  29|0x0000000609400000, 0x0000000609400000, 0x0000000609800000|  0%| F|  |TAMS 0x0000000609400000, 0x0000000609400000| Untracked 
|  30|0x0000000609800000, 0x0000000609800000, 0x0000000609c00000|  0%| F|  |TAMS 0x0000000609800000, 0x0000000609800000| Untracked 
|  31|0x0000000609c00000, 0x0000000609c00000, 0x000000060a000000|  0%| F|  |TAMS 0x0000000609c00000, 0x0000000609c00000| Untracked 
|  32|0x000000060a000000, 0x000000060a000000, 0x000000060a400000|  0%| F|  |TAMS 0x000000060a000000, 0x000000060a000000| Untracked 
|  33|0x000000060a400000, 0x000000060a400000, 0x000000060a800000|  0%| F|  |TAMS 0x000000060a400000, 0x000000060a400000| Untracked 
|  34|0x000000060a800000, 0x000000060a800000, 0x000000060ac00000|  0%| F|  |TAMS 0x000000060a800000, 0x000000060a800000| Untracked 
|  35|0x000000060ac00000, 0x000000060ac00000, 0x000000060b000000|  0%| F|  |TAMS 0x000000060ac00000, 0x000000060ac00000| Untracked 
|  36|0x000000060b000000, 0x000000060b000000, 0x000000060b400000|  0%| F|  |TAMS 0x000000060b000000, 0x000000060b000000| Untracked 
|  37|0x000000060b400000, 0x000000060b400000, 0x000000060b800000|  0%| F|  |TAMS 0x000000060b400000, 0x000000060b400000| Untracked 
|  38|0x000000060b800000, 0x000000060b800000, 0x000000060bc00000|  0%| F|  |TAMS 0x000000060b800000, 0x000000060b800000| Untracked 
|  39|0x000000060bc00000, 0x000000060bc00000, 0x000000060c000000|  0%| F|  |TAMS 0x000000060bc00000, 0x000000060bc00000| Untracked 
|  40|0x000000060c000000, 0x000000060c000000, 0x000000060c400000|  0%| F|  |TAMS 0x000000060c000000, 0x000000060c000000| Untracked 
|  41|0x000000060c400000, 0x000000060c400000, 0x000000060c800000|  0%| F|  |TAMS 0x000000060c400000, 0x000000060c400000| Untracked 
|  42|0x000000060c800000, 0x000000060c800000, 0x000000060cc00000|  0%| F|  |TAMS 0x000000060c800000, 0x000000060c800000| Untracked 
|  43|0x000000060cc00000, 0x000000060cc00000, 0x000000060d000000|  0%| F|  |TAMS 0x000000060cc00000, 0x000000060cc00000| Untracked 
|  44|0x000000060d000000, 0x000000060d000000, 0x000000060d400000|  0%| F|  |TAMS 0x000000060d000000, 0x000000060d000000| Untracked 
|  45|0x000000060d400000, 0x000000060d400000, 0x000000060d800000|  0%| F|  |TAMS 0x000000060d400000, 0x000000060d400000| Untracked 
|  46|0x000000060d800000, 0x000000060d800000, 0x000000060dc00000|  0%| F|  |TAMS 0x000000060d800000, 0x000000060d800000| Untracked 
|  47|0x000000060dc00000, 0x000000060dc00000, 0x000000060e000000|  0%| F|  |TAMS 0x000000060dc00000, 0x000000060dc00000| Untracked 
|  48|0x000000060e000000, 0x000000060e000000, 0x000000060e400000|  0%| F|  |TAMS 0x000000060e000000, 0x000000060e000000| Untracked 
|  49|0x000000060e400000, 0x000000060e400000, 0x000000060e800000|  0%| F|  |TAMS 0x000000060e400000, 0x000000060e400000| Untracked 
|  50|0x000000060e800000, 0x000000060e800000, 0x000000060ec00000|  0%| F|  |TAMS 0x000000060e800000, 0x000000060e800000| Untracked 
|  51|0x000000060ec00000, 0x000000060ec00000, 0x000000060f000000|  0%| F|  |TAMS 0x000000060ec00000, 0x000000060ec00000| Untracked 
|  52|0x000000060f000000, 0x000000060f000000, 0x000000060f400000|  0%| F|  |TAMS 0x000000060f000000, 0x000000060f000000| Untracked 
|  53|0x000000060f400000, 0x000000060f400000, 0x000000060f800000|  0%| F|  |TAMS 0x000000060f400000, 0x000000060f400000| Untracked 
|  54|0x000000060f800000, 0x000000060f800000, 0x000000060fc00000|  0%| F|  |TAMS 0x000000060f800000, 0x000000060f800000| Untracked 
|  55|0x000000060fc00000, 0x000000060fc00000, 0x0000000610000000|  0%| F|  |TAMS 0x000000060fc00000, 0x000000060fc00000| Untracked 
|  56|0x0000000610000000, 0x0000000610000000, 0x0000000610400000|  0%| F|  |TAMS 0x0000000610000000, 0x0000000610000000| Untracked 
|  57|0x0000000610400000, 0x0000000610400000, 0x0000000610800000|  0%| F|  |TAMS 0x0000000610400000, 0x0000000610400000| Untracked 
|  58|0x0000000610800000, 0x0000000610800000, 0x0000000610c00000|  0%| F|  |TAMS 0x0000000610800000, 0x0000000610800000| Untracked 
|  59|0x0000000610c00000, 0x0000000610c00000, 0x0000000611000000|  0%| F|  |TAMS 0x0000000610c00000, 0x0000000610c00000| Untracked 
|  60|0x0000000611000000, 0x0000000611000000, 0x0000000611400000|  0%| F|  |TAMS 0x0000000611000000, 0x0000000611000000| Untracked 
|  61|0x0000000611400000, 0x0000000611400000, 0x0000000611800000|  0%| F|  |TAMS 0x0000000611400000, 0x0000000611400000| Untracked 
|  62|0x0000000611800000, 0x0000000611800000, 0x0000000611c00000|  0%| F|  |TAMS 0x0000000611800000, 0x0000000611800000| Untracked 
|  63|0x0000000611c00000, 0x0000000611c00000, 0x0000000612000000|  0%| F|  |TAMS 0x0000000611c00000, 0x0000000611c00000| Untracked 
|  64|0x0000000612000000, 0x0000000612000000, 0x0000000612400000|  0%| F|  |TAMS 0x0000000612000000, 0x0000000612000000| Untracked 
|  65|0x0000000612400000, 0x0000000612400000, 0x0000000612800000|  0%| F|  |TAMS 0x0000000612400000, 0x0000000612400000| Untracked 
|  66|0x0000000612800000, 0x0000000612800000, 0x0000000612c00000|  0%| F|  |TAMS 0x0000000612800000, 0x0000000612800000| Untracked 
|  67|0x0000000612c00000, 0x0000000612c00000, 0x0000000613000000|  0%| F|  |TAMS 0x0000000612c00000, 0x0000000612c00000| Untracked 
|  68|0x0000000613000000, 0x0000000613000000, 0x0000000613400000|  0%| F|  |TAMS 0x0000000613000000, 0x0000000613000000| Untracked 
|  69|0x0000000613400000, 0x0000000613400000, 0x0000000613800000|  0%| F|  |TAMS 0x0000000613400000, 0x0000000613400000| Untracked 
|  70|0x0000000613800000, 0x0000000613800000, 0x0000000613c00000|  0%| F|  |TAMS 0x0000000613800000, 0x0000000613800000| Untracked 
|  71|0x0000000613c00000, 0x0000000613c00000, 0x0000000614000000|  0%| F|  |TAMS 0x0000000613c00000, 0x0000000613c00000| Untracked 
|  72|0x0000000614000000, 0x0000000614000000, 0x0000000614400000|  0%| F|  |TAMS 0x0000000614000000, 0x0000000614000000| Untracked 
|  73|0x0000000614400000, 0x0000000614400000, 0x0000000614800000|  0%| F|  |TAMS 0x0000000614400000, 0x0000000614400000| Untracked 
|  74|0x0000000614800000, 0x0000000614800000, 0x0000000614c00000|  0%| F|  |TAMS 0x0000000614800000, 0x0000000614800000| Untracked 
|  75|0x0000000614c00000, 0x0000000614c00000, 0x0000000615000000|  0%| F|  |TAMS 0x0000000614c00000, 0x0000000614c00000| Untracked 
|  76|0x0000000615000000, 0x0000000615000000, 0x0000000615400000|  0%| F|  |TAMS 0x0000000615000000, 0x0000000615000000| Untracked 
|  77|0x0000000615400000, 0x0000000615400000, 0x0000000615800000|  0%| F|  |TAMS 0x0000000615400000, 0x0000000615400000| Untracked 
|  78|0x0000000615800000, 0x0000000615800000, 0x0000000615c00000|  0%| F|  |TAMS 0x0000000615800000, 0x0000000615800000| Untracked 
|  79|0x0000000615c00000, 0x0000000615c00000, 0x0000000616000000|  0%| F|  |TAMS 0x0000000615c00000, 0x0000000615c00000| Untracked 
|  80|0x0000000616000000, 0x0000000616000000, 0x0000000616400000|  0%| F|  |TAMS 0x0000000616000000, 0x0000000616000000| Untracked 
|  81|0x0000000616400000, 0x0000000616400000, 0x0000000616800000|  0%| F|  |TAMS 0x0000000616400000, 0x0000000616400000| Untracked 
|  82|0x0000000616800000, 0x0000000616800000, 0x0000000616c00000|  0%| F|  |TAMS 0x0000000616800000, 0x0000000616800000| Untracked 
|  83|0x0000000616c00000, 0x0000000616c00000, 0x0000000617000000|  0%| F|  |TAMS 0x0000000616c00000, 0x0000000616c00000| Untracked 
|  84|0x0000000617000000, 0x0000000617000000, 0x0000000617400000|  0%| F|  |TAMS 0x0000000617000000, 0x0000000617000000| Untracked 
|  85|0x0000000617400000, 0x0000000617400000, 0x0000000617800000|  0%| F|  |TAMS 0x0000000617400000, 0x0000000617400000| Untracked 
|  86|0x0000000617800000, 0x0000000617800000, 0x0000000617c00000|  0%| F|  |TAMS 0x0000000617800000, 0x0000000617800000| Untracked 
|  87|0x0000000617c00000, 0x0000000617c00000, 0x0000000618000000|  0%| F|  |TAMS 0x0000000617c00000, 0x0000000617c00000| Untracked 
|  88|0x0000000618000000, 0x0000000618000000, 0x0000000618400000|  0%| F|  |TAMS 0x0000000618000000, 0x0000000618000000| Untracked 
|  89|0x0000000618400000, 0x0000000618400000, 0x0000000618800000|  0%| F|  |TAMS 0x0000000618400000, 0x0000000618400000| Untracked 
|  90|0x0000000618800000, 0x0000000618800000, 0x0000000618c00000|  0%| F|  |TAMS 0x0000000618800000, 0x0000000618800000| Untracked 
|  91|0x0000000618c00000, 0x0000000618c00000, 0x0000000619000000|  0%| F|  |TAMS 0x0000000618c00000, 0x0000000618c00000| Untracked 
|  92|0x0000000619000000, 0x0000000619000000, 0x0000000619400000|  0%| F|  |TAMS 0x0000000619000000, 0x0000000619000000| Untracked 
|  93|0x0000000619400000, 0x0000000619400000, 0x0000000619800000|  0%| F|  |TAMS 0x0000000619400000, 0x0000000619400000| Untracked 
|  94|0x0000000619800000, 0x0000000619800000, 0x0000000619c00000|  0%| F|  |TAMS 0x0000000619800000, 0x0000000619800000| Untracked 
|  95|0x0000000619c00000, 0x0000000619c00000, 0x000000061a000000|  0%| F|  |TAMS 0x0000000619c00000, 0x0000000619c00000| Untracked 
|  96|0x000000061a000000, 0x000000061a000000, 0x000000061a400000|  0%| F|  |TAMS 0x000000061a000000, 0x000000061a000000| Untracked 
|  97|0x000000061a400000, 0x000000061a400000, 0x000000061a800000|  0%| F|  |TAMS 0x000000061a400000, 0x000000061a400000| Untracked 
|  98|0x000000061a800000, 0x000000061a800000, 0x000000061ac00000|  0%| F|  |TAMS 0x000000061a800000, 0x000000061a800000| Untracked 
|  99|0x000000061ac00000, 0x000000061ac00000, 0x000000061b000000|  0%| F|  |TAMS 0x000000061ac00000, 0x000000061ac00000| Untracked 
| 100|0x000000061b000000, 0x000000061b000000, 0x000000061b400000|  0%| F|  |TAMS 0x000000061b000000, 0x000000061b000000| Untracked 
| 101|0x000000061b400000, 0x000000061b400000, 0x000000061b800000|  0%| F|  |TAMS 0x000000061b400000, 0x000000061b400000| Untracked 
| 102|0x000000061b800000, 0x000000061b800000, 0x000000061bc00000|  0%| F|  |TAMS 0x000000061b800000, 0x000000061b800000| Untracked 
| 103|0x000000061bc00000, 0x000000061bc00000, 0x000000061c000000|  0%| F|  |TAMS 0x000000061bc00000, 0x000000061bc00000| Untracked 
| 104|0x000000061c000000, 0x000000061c000000, 0x000000061c400000|  0%| F|  |TAMS 0x000000061c000000, 0x000000061c000000| Untracked 
| 105|0x000000061c400000, 0x000000061c400000, 0x000000061c800000|  0%| F|  |TAMS 0x000000061c400000, 0x000000061c400000| Untracked 
| 106|0x000000061c800000, 0x000000061c800000, 0x000000061cc00000|  0%| F|  |TAMS 0x000000061c800000, 0x000000061c800000| Untracked 
| 107|0x000000061cc00000, 0x000000061cc00000, 0x000000061d000000|  0%| F|  |TAMS 0x000000061cc00000, 0x000000061cc00000| Untracked 
| 108|0x000000061d000000, 0x000000061d000000, 0x000000061d400000|  0%| F|  |TAMS 0x000000061d000000, 0x000000061d000000| Untracked 
| 109|0x000000061d400000, 0x000000061d400000, 0x000000061d800000|  0%| F|  |TAMS 0x000000061d400000, 0x000000061d400000| Untracked 
| 110|0x000000061d800000, 0x000000061d800000, 0x000000061dc00000|  0%| F|  |TAMS 0x000000061d800000, 0x000000061d800000| Untracked 
| 111|0x000000061dc00000, 0x000000061dc00000, 0x000000061e000000|  0%| F|  |TAMS 0x000000061dc00000, 0x000000061dc00000| Untracked 
| 112|0x000000061e000000, 0x000000061e000000, 0x000000061e400000|  0%| F|  |TAMS 0x000000061e000000, 0x000000061e000000| Untracked 
| 113|0x000000061e400000, 0x000000061e400000, 0x000000061e800000|  0%| F|  |TAMS 0x000000061e400000, 0x000000061e400000| Untracked 
| 114|0x000000061e800000, 0x000000061e800000, 0x000000061ec00000|  0%| F|  |TAMS 0x000000061e800000, 0x000000061e800000| Untracked 
| 115|0x000000061ec00000, 0x000000061ec00000, 0x000000061f000000|  0%| F|  |TAMS 0x000000061ec00000, 0x000000061ec00000| Untracked 
| 116|0x000000061f000000, 0x000000061f000000, 0x000000061f400000|  0%| F|  |TAMS 0x000000061f000000, 0x000000061f000000| Untracked 
| 117|0x000000061f400000, 0x000000061f400000, 0x000000061f800000|  0%| F|  |TAMS 0x000000061f400000, 0x000000061f400000| Untracked 
| 118|0x000000061f800000, 0x000000061f800000, 0x000000061fc00000|  0%| F|  |TAMS 0x000000061f800000, 0x000000061f800000| Untracked 
| 119|0x000000061fc00000, 0x000000061fc00000, 0x0000000620000000|  0%| F|  |TAMS 0x000000061fc00000, 0x000000061fc00000| Untracked 
| 120|0x0000000620000000, 0x0000000620000000, 0x0000000620400000|  0%| F|  |TAMS 0x0000000620000000, 0x0000000620000000| Untracked 
| 121|0x0000000620400000, 0x0000000620751db0, 0x0000000620800000| 82%| S|CS|TAMS 0x0000000620400000, 0x0000000620400000| Complete 
| 122|0x0000000620800000, 0x0000000620800000, 0x0000000620c00000|  0%| F|  |TAMS 0x0000000620800000, 0x0000000620800000| Untracked 
| 123|0x0000000620c00000, 0x0000000620f2e6f0, 0x0000000621000000| 79%| E|  |TAMS 0x0000000620c00000, 0x0000000620c00000| Complete 
| 124|0x0000000621000000, 0x0000000621400000, 0x0000000621400000|100%| E|CS|TAMS 0x0000000621000000, 0x0000000621000000| Complete 
| 125|0x0000000621400000, 0x0000000621800000, 0x0000000621800000|100%| E|CS|TAMS 0x0000000621400000, 0x0000000621400000| Complete 
| 126|0x0000000621800000, 0x0000000621c00000, 0x0000000621c00000|100%| E|CS|TAMS 0x0000000621800000, 0x0000000621800000| Complete 
| 127|0x0000000621c00000, 0x0000000622000000, 0x0000000622000000|100%| E|CS|TAMS 0x0000000621c00000, 0x0000000621c00000| Complete 

Card table byte_map: [0x00000218a77b0000,0x00000218a87a0000] _byte_map_base: 0x00000218a47a0000

Marking Bits (Prev, Next): (CMBitMap*) 0x000002188f486060, (CMBitMap*) 0x000002188f4860a0
 Prev Bits: [0x00000218a9790000, 0x00000218b1710000)
 Next Bits: [0x00000218b1710000, 0x00000218b9690000)

Polling page: 0x000002188d280000

Metaspace:

Usage:
  Non-class:      6.31 MB used.
      Class:    774.49 KB used.
       Both:      7.07 MB used.

Virtual space:
  Non-class space:       64.00 MB reserved,       6.44 MB ( 10%) committed,  1 nodes.
      Class space:        1.00 GB reserved,     832.00 KB ( <1%) committed,  1 nodes.
             Both:        1.06 GB reserved,       7.25 MB ( <1%) committed. 

Chunk freelists:
   Non-Class:  738.00 KB
       Class:  3.20 MB
        Both:  3.92 MB

MaxMetaspaceSize: unlimited
CompressedClassSpaceSize: 1.00 GB
Initial GC threshold: 21.00 MB
Current GC threshold: 21.00 MB
CDS: on
MetaspaceReclaimPolicy: balanced
 - commit_granule_bytes: 65536.
 - commit_granule_words: 8192.
 - virtual_space_node_default_size: 8388608.
 - enlarge_chunks_in_place: 1.
 - new_chunks_are_fully_committed: 0.
 - uncommit_free_chunks: 1.
 - use_allocation_guard: 0.


Internal statistics:

num_allocs_failed_limit: 0.
num_arena_births: 108.
num_arena_deaths: 0.
num_vsnodes_births: 2.
num_vsnodes_deaths: 0.
num_space_committed: 116.
num_space_uncommitted: 0.
num_chunks_returned_to_freelist: 0.
num_chunks_taken_from_freelist: 294.
num_chunk_merges: 0.
num_chunk_splits: 148.
num_chunks_enlarged: 94.
num_inconsistent_stats: 0.

CodeHeap 'non-profiled nmethods': size=119168Kb used=557Kb max_used=557Kb free=118610Kb
 bounds [0x000002189e8a0000, 0x000002189eb10000, 0x00000218a5d00000]
CodeHeap 'profiled nmethods': size=119104Kb used=3931Kb max_used=3931Kb free=115172Kb
 bounds [0x0000021897450000, 0x0000021897830000, 0x000002189e8a0000]
CodeHeap 'non-nmethods': size=7488Kb used=1237Kb max_used=2972Kb free=6250Kb
 bounds [0x0000021896d00000, 0x0000021896ff0000, 0x0000021897450000]
 total_blobs=2173 nmethods=1721 adapters=365
 compilation: enabled
              stopped_count=0, restarted_count=0
 full_count=0

Compilation events (20 events):
Event: 0.423 Thread 0x00000218c0c0b380 nmethod 1710 0x0000021897820c10 code [0x0000021897820dc0, 0x0000021897820f88]
Event: 0.423 Thread 0x00000218c0c080e0 nmethod 1711 0x0000021897821090 code [0x0000021897821240, 0x0000021897821428]
Event: 0.425 Thread 0x00000218c0c080e0 1714       3       java.lang.invoke.LambdaForm$Name::<init> (44 bytes)
Event: 0.425 Thread 0x00000218c0c0b380 1715       3       java.lang.invoke.LambdaForm$NamedFunction::returnType (11 bytes)
Event: 0.425 Thread 0x00000218c0c0b890 1716       3       java.lang.invoke.InvokerBytecodeGenerator::emitLoadInsn (21 bytes)
Event: 0.425 Thread 0x00000218c0c085f0 1717       3       java.lang.invoke.InvokerBytecodeGenerator::loadInsnOpcode (98 bytes)
Event: 0.425 Thread 0x00000218c0c0b890 nmethod 1716 0x0000021897821510 code [0x00000218978216c0, 0x0000021897821938]
Event: 0.425 Thread 0x00000218c0c0b890 1718       3       java.lang.invoke.InvokerBytecodeGenerator::emitPushArgument (150 bytes)
Event: 0.425 Thread 0x00000218c0c0b380 nmethod 1715 0x0000021897821a90 code [0x0000021897821c80, 0x0000021897822128]
Event: 0.425 Thread 0x00000218c0c080e0 nmethod 1714 0x0000021897822390 code [0x00000218978225a0, 0x0000021897822b88]
Event: 0.425 Thread 0x00000218c0c080e0 1719       3       jdk.internal.org.objectweb.asm.Type::getTypeInternal (199 bytes)
Event: 0.425 Thread 0x00000218c0c085f0 nmethod 1717 0x0000021897822e90 code [0x0000021897823100, 0x0000021897823b18]
Event: 0.425 Thread 0x00000218c0c0b890 nmethod 1718 0x0000021897823e10 code [0x00000218978240e0, 0x0000021897825028]
Event: 0.425 Thread 0x00000218c0c080e0 nmethod 1719 0x0000021897825490 code [0x0000021897825760, 0x0000021897826668]
Event: 0.426 Thread 0x00000218c0c08b00 1721       4       java.util.Objects::equals (23 bytes)
Event: 0.426 Thread 0x00000218c0c08b00 nmethod 1721 0x000002189e924010 code [0x000002189e924180, 0x000002189e924238]
Event: 0.426 Thread 0x00000218c0c0b380 1722       3       java.util.stream.StreamOpFlag::isKnown (19 bytes)
Event: 0.426 Thread 0x00000218c0c0b380 nmethod 1722 0x0000021897826b10 code [0x0000021897826ca0, 0x0000021897826e18]
Event: 0.429 Thread 0x00000218c0c0a960 nmethod 1690% 0x000002189e924310 code [0x000002189e9244c0, 0x000002189e925bf8]
Event: 0.430 Thread 0x00000218b999bdc0 nmethod 1607 0x000002189e926490 code [0x000002189e9267a0, 0x000002189e929868]

GC Heap History (2 events):
Event: 0.300 GC heap before
{Heap before GC invocations=0 (full 0):
 garbage-first heap   total 524288K, used 24576K [0x0000000602000000, 0x0000000800000000)
  region size 4096K, 6 young (24576K), 0 survivors (0K)
 Metaspace       used 4593K, committed 4800K, reserved 1114112K
  class space    used 413K, committed 512K, reserved 1048576K
}
Event: 0.302 GC heap after
{Heap after GC invocations=1 (full 0):
 garbage-first heap   total 524288K, used 3399K [0x0000000602000000, 0x0000000800000000)
  region size 4096K, 1 young (4096K), 1 survivors (4096K)
 Metaspace       used 4593K, committed 4800K, reserved 1114112K
  class space    used 413K, committed 512K, reserved 1048576K
}

Deoptimization events (20 events):
Event: 0.330 Thread 0x000002188f3d34d0 DEOPT PACKING pc=0x000002189e8dc4b8 sp=0x000000a151afd6b0
Event: 0.330 Thread 0x000002188f3d34d0 DEOPT UNPACKING pc=0x0000021896d523a3 sp=0x000000a151afd618 mode 2
Event: 0.330 Thread 0x000002188f3d34d0 Uncommon trap: trap_request=0xffffffde fr.pc=0x000002189e8dc4b8 relative=0x0000000000001978
Event: 0.330 Thread 0x000002188f3d34d0 Uncommon trap: reason=class_check action=maybe_recompile pc=0x000002189e8dc4b8 method=java.util.HashMap.putVal(ILjava/lang/Object;Ljava/lang/Object;ZZ)Ljava/lang/Object; @ 253 c2
Event: 0.330 Thread 0x000002188f3d34d0 DEOPT PACKING pc=0x000002189e8dc4b8 sp=0x000000a151afd500
Event: 0.330 Thread 0x000002188f3d34d0 DEOPT UNPACKING pc=0x0000021896d523a3 sp=0x000000a151afd468 mode 2
Event: 0.358 Thread 0x000002188f3d34d0 DEOPT PACKING pc=0x00000218975d4b9b sp=0x000000a151afc310
Event: 0.358 Thread 0x000002188f3d34d0 DEOPT UNPACKING pc=0x0000021896d52b43 sp=0x000000a151afb7a0 mode 0
Event: 0.362 Thread 0x000002188f3d34d0 DEOPT PACKING pc=0x00000218975d4b9b sp=0x000000a151afc340
Event: 0.362 Thread 0x000002188f3d34d0 DEOPT UNPACKING pc=0x0000021896d52b43 sp=0x000000a151afb7d0 mode 0
Event: 0.363 Thread 0x000002188f3d34d0 DEOPT PACKING pc=0x0000021897544c3e sp=0x000000a151afd7e0
Event: 0.363 Thread 0x000002188f3d34d0 DEOPT UNPACKING pc=0x0000021896d52b43 sp=0x000000a151afcc58 mode 0
Event: 0.389 Thread 0x000002188f3d34d0 DEOPT PACKING pc=0x000002189765df61 sp=0x000000a151afbcc0
Event: 0.389 Thread 0x000002188f3d34d0 DEOPT UNPACKING pc=0x0000021896d52b43 sp=0x000000a151afb1b8 mode 0
Event: 0.399 Thread 0x000002188f3d34d0 DEOPT PACKING pc=0x0000021897598f58 sp=0x000000a151afc310
Event: 0.399 Thread 0x000002188f3d34d0 DEOPT UNPACKING pc=0x0000021896d52b43 sp=0x000000a151afb7a0 mode 0
Event: 0.399 Thread 0x000002188f3d34d0 DEOPT PACKING pc=0x00000218975d144e sp=0x000000a151afc250
Event: 0.399 Thread 0x000002188f3d34d0 DEOPT UNPACKING pc=0x0000021896d52b43 sp=0x000000a151afb6d0 mode 0
Event: 15.139 Thread 0x000002188f3d34d0 DEOPT PACKING pc=0x0000021897657624 sp=0x000000a151afcaa0
Event: 15.139 Thread 0x000002188f3d34d0 DEOPT UNPACKING pc=0x0000021896d52b43 sp=0x000000a151afbf58 mode 0

Classes loaded (20 events):
Event: 0.400 Loading class java/util/concurrent/Callable
Event: 0.400 Loading class java/util/concurrent/Callable done
Event: 0.408 Loading class java/util/Collections$ReverseComparator
Event: 0.408 Loading class java/util/Collections$ReverseComparator done
Event: 0.408 Loading class java/util/Collections$ReverseComparator2
Event: 0.408 Loading class java/util/Collections$ReverseComparator2 done
Event: 0.413 Loading class java/util/concurrent/CancellationException
Event: 0.413 Loading class java/util/concurrent/CancellationException done
Event: 0.413 Loading class java/util/concurrent/ExecutionException
Event: 0.413 Loading class java/util/concurrent/ExecutionException done
Event: 0.421 Loading class java/util/stream/SpinedBuffer
Event: 0.421 Loading class java/util/stream/AbstractSpinedBuffer
Event: 0.421 Loading class java/util/stream/AbstractSpinedBuffer done
Event: 0.421 Loading class java/util/stream/SpinedBuffer done
Event: 0.422 Loading class java/util/function/BooleanSupplier
Event: 0.422 Loading class java/util/function/BooleanSupplier done
Event: 0.426 Loading class java/util/ArrayList$ListItr
Event: 0.426 Loading class java/util/ArrayList$ListItr done
Event: 0.427 Loading class java/lang/invoke/WrongMethodTypeException
Event: 0.427 Loading class java/lang/invoke/WrongMethodTypeException done

Classes unloaded (0 events):
No events

Classes redefined (1 events):
Event: 15.144 Thread 0x00000218b97fd8f0 redefined class name=a01.PercolationTest, count=1

Internal exceptions (20 events):
Event: 0.345 Thread 0x000002188f3d34d0 Exception <a 'java/lang/NoSuchMethodError'{0x0000000621adfd40}: 'void java.lang.invoke.DirectMethodHandle$Holder.invokeInterface(java.lang.Object, java.lang.Object, java.lang.Object, java.lang.Object, java.lang.Object)'> (0x0000000621adfd40) 
thrown [s\open\src\hotspot\share\interpreter\linkResolver.cpp, line 766]
Event: 0.346 Thread 0x000002188f3d34d0 Exception <a 'java/lang/IncompatibleClassChangeError'{0x0000000621ae3cb0}: Found class java.lang.Object, but interface was expected> (0x0000000621ae3cb0) 
thrown [s\open\src\hotspot\share\interpreter\linkResolver.cpp, line 833]
Event: 0.348 Thread 0x000002188f3d34d0 Exception <a 'java/lang/IncompatibleClassChangeError'{0x0000000621b32f58}: Found class java.lang.Object, but interface was expected> (0x0000000621b32f58) 
thrown [s\open\src\hotspot\share\interpreter\linkResolver.cpp, line 833]
Event: 0.350 Thread 0x000002188f3d34d0 Exception <a 'java/lang/NoSuchMethodError'{0x0000000621b5c858}: 'java.lang.Object java.lang.invoke.DirectMethodHandle$Holder.invokeStatic(java.lang.Object, java.lang.Object, int)'> (0x0000000621b5c858) 
thrown [s\open\src\hotspot\share\interpreter\linkResolver.cpp, line 766]
Event: 0.354 Thread 0x000002188f3d34d0 Exception <a 'java/lang/NoSuchMethodError'{0x0000000621bd14f0}: 'void java.lang.invoke.DirectMethodHandle$Holder.invokeSpecial(java.lang.Object, java.lang.Object, java.lang.Object, java.lang.Object, java.lang.Object)'> (0x0000000621bd14f0) 
thrown [s\open\src\hotspot\share\interpreter\linkResolver.cpp, line 766]
Event: 0.377 Thread 0x000002188f3d34d0 Exception <a 'java/lang/NoSuchMethodError'{0x000000062104ae28}: 'long java.lang.invoke.DirectMethodHandle$Holder.invokeSpecial(java.lang.Object, java.lang.Object)'> (0x000000062104ae28) 
thrown [s\open\src\hotspot\share\interpreter\linkResolver.cpp, line 766]
Event: 0.377 Thread 0x000002188f3d34d0 Exception <a 'java/lang/NoSuchMethodError'{0x000000062104e5d8}: 'long java.lang.invoke.Invokers$Holder.invokeExact_MT(java.lang.Object, java.lang.Object)'> (0x000000062104e5d8) 
thrown [s\open\src\hotspot\share\interpreter\linkResolver.cpp, line 766]
Event: 0.381 Thread 0x000002188f3d34d0 Exception <a 'java/lang/NoSuchMethodError'{0x00000006210ab258}: 'java.lang.Object java.lang.invoke.DirectMethodHandle$Holder.newInvokeSpecial(java.lang.Object, java.lang.Object, int)'> (0x00000006210ab258) 
thrown [s\open\src\hotspot\share\interpreter\linkResolver.cpp, line 766]
Event: 0.385 Thread 0x000002188f3d34d0 Exception <a 'java/lang/NoSuchMethodError'{0x000000062111db68}: 'void java.lang.invoke.DirectMethodHandle$Holder.invokeInterface(java.lang.Object, java.lang.Object, java.lang.Object, java.lang.Object)'> (0x000000062111db68) 
thrown [s\open\src\hotspot\share\interpreter\linkResolver.cpp, line 766]
Event: 0.385 Thread 0x000002188f3d34d0 Exception <a 'java/lang/IncompatibleClassChangeError'{0x0000000621121508}: Found class java.lang.Object, but interface was expected> (0x0000000621121508) 
thrown [s\open\src\hotspot\share\interpreter\linkResolver.cpp, line 833]
Event: 0.387 Thread 0x000002188f3d34d0 Exception <a 'java/lang/NoSuchMethodError'{0x0000000621145c08}: 'void java.lang.invoke.DirectMethodHandle$Holder.invokeStatic(java.lang.Object, java.lang.Object, java.lang.Object, java.lang.Object)'> (0x0000000621145c08) 
thrown [s\open\src\hotspot\share\interpreter\linkResolver.cpp, line 766]
Event: 0.392 Thread 0x000002188f3d34d0 Exception <a 'java/lang/NoSuchMethodError'{0x0000000621226aa8}: 'int java.lang.invoke.DirectMethodHandle$Holder.invokeStatic(java.lang.Object, java.lang.Object, java.lang.Object, java.lang.Object)'> (0x0000000621226aa8) 
thrown [s\open\src\hotspot\share\interpreter\linkResolver.cpp, line 766]
Event: 0.393 Thread 0x000002188f3d34d0 Exception <a 'java/lang/NoSuchMethodError'{0x000000062122a428}: 'java.lang.Object java.lang.invoke.Invokers$Holder.invokeExact_MT(java.lang.Object, java.lang.Object, java.lang.Object, java.lang.Object, java.lang.Object, java.lang.Object)'> (0x000000062122a428) 
thrown [s\open\src\hotspot\share\interpreter\linkResolver.cpp, line 766]
Event: 0.394 Thread 0x000002188f3d34d0 Exception <a 'java/lang/NoSuchMethodError'{0x000000062123a5a0}: 'int java.lang.invoke.DirectMethodHandle$Holder.invokeStatic(java.lang.Object, java.lang.Object, java.lang.Object, java.lang.Object, java.lang.Object)'> (0x000000062123a5a0) 
thrown [s\open\src\hotspot\share\interpreter\linkResolver.cpp, line 766]
Event: 0.398 Thread 0x000002188f3d34d0 Exception <a 'java/lang/NoSuchMethodError'{0x00000006212c8e00}: 'void java.lang.invoke.DirectMethodHandle$Holder.invokeStaticInit(java.lang.Object)'> (0x00000006212c8e00) 
thrown [s\open\src\hotspot\share\interpreter\linkResolver.cpp, line 766]
Event: 0.413 Thread 0x000002188f3d34d0 Exception <a 'java/lang/NoSuchMethodError'{0x0000000620d78650}: 'int java.lang.invoke.DirectMethodHandle$Holder.invokeStaticInit(java.lang.Object, java.lang.Object)'> (0x0000000620d78650) 
thrown [s\open\src\hotspot\share\interpreter\linkResolver.cpp, line 766]
Event: 0.425 Thread 0x000002188f3d34d0 Exception <a 'java/lang/NoSuchMethodError'{0x0000000620ea84f8}: 'java.lang.Object java.lang.invoke.DirectMethodHandle$Holder.newInvokeSpecial(java.lang.Object, java.lang.Object, java.lang.Object, java.lang.Object, java.lang.Object, java.lang.Object, java.lang.Object)'> (0x0000000620ea84f8) 
thrown [s\open\src\hotspot\share\interpreter\linkResolver.cpp, line 766]
Event: 0.425 Thread 0x000002188f3d34d0 Exception <a 'java/lang/NoSuchMethodError'{0x0000000620ead0b8}: 'java.lang.Object java.lang.invoke.Invokers$Holder.linkToTargetMethod(java.lang.Object, java.lang.Object, java.lang.Object, java.lang.Object, java.lang.Object, java.lang.Object, java.lang.Object)'> (0x0000000620ead0b8) 
thrown [s\open\src\hotspot\share\interpreter\linkResolver.cpp, line 766]
Event: 0.425 Thread 0x000002188f3d34d0 Exception <a 'java/lang/NoSuchMethodError'{0x0000000620eb36e0}: 'java.lang.Object java.lang.invoke.DirectMethodHandle$Holder.invokeInterface(java.lang.Object, java.lang.Object, java.lang.Object, java.lang.Object, java.lang.Object)'> (0x0000000620eb36e0) 
thrown [s\open\src\hotspot\share\interpreter\linkResolver.cpp, line 766]
Event: 0.425 Thread 0x000002188f3d34d0 Exception <a 'java/lang/IncompatibleClassChangeError'{0x0000000620eb74d8}: Found class java.lang.Object, but interface was expected> (0x0000000620eb74d8) 
thrown [s\open\src\hotspot\share\interpreter\linkResolver.cpp, line 833]

VM Operations (20 events):
Event: 0.663 Executing VM operation: get/set locals
Event: 0.663 Executing VM operation: get/set locals done
Event: 0.663 Executing VM operation: get/set locals
Event: 0.663 Executing VM operation: get/set locals done
Event: 0.664 Executing VM operation: get/set locals
Event: 0.664 Executing VM operation: get/set locals done
Event: 0.664 Executing VM operation: get/set locals
Event: 0.664 Executing VM operation: get/set locals done
Event: 15.139 Executing VM operation: ChangeSingleStep
Event: 15.139 Executing VM operation: ChangeSingleStep done
Event: 15.139 Executing VM operation: ChangeSingleStep
Event: 15.139 Executing VM operation: ChangeSingleStep done
Event: 15.142 Executing VM operation: RedefineClasses
Event: 15.146 Executing VM operation: RedefineClasses done
Event: 15.148 Executing VM operation: ChangeBreakpoints
Event: 15.148 Executing VM operation: ChangeBreakpoints done
Event: 15.150 Executing VM operation: ChangeBreakpoints
Event: 15.150 Executing VM operation: ChangeBreakpoints done
Event: 15.151 Executing VM operation: ChangeSingleStep
Event: 15.151 Executing VM operation: ChangeSingleStep done

Events (20 events):
Event: 0.031 Thread 0x00000218c0c085f0 Thread added: 0x00000218c0c085f0
Event: 0.039 Thread 0x00000218c0db9110 Thread added: 0x00000218c0db9110
Event: 0.039 Thread 0x00000218c0dbbdc0 Thread added: 0x00000218c0dbbdc0
Event: 0.039 Thread 0x00000218c0dbf8b0 Thread added: 0x00000218c0dbf8b0
Event: 0.106 Loaded shared library C:\Program Files\Java\jdk-18.0.1.1\bin\zip.dll
Event: 0.108 Loaded shared library C:\Program Files\Java\jdk-18.0.1.1\bin\instrument.dll
Event: 0.110 Loaded shared library C:\Program Files\Java\jdk-18.0.1.1\bin\net.dll
Event: 0.111 Loaded shared library C:\Program Files\Java\jdk-18.0.1.1\bin\nio.dll
Event: 0.112 Loaded shared library C:\Program Files\Java\jdk-18.0.1.1\bin\zip.dll
Event: 0.146 Loaded shared library C:\Program Files\Java\jdk-18.0.1.1\bin\jimage.dll
Event: 0.168 Thread 0x00000218c0c08b00 Thread added: 0x00000218c0c08b00
Event: 0.173 Thread 0x00000218c0ffe3a0 Thread added: 0x00000218c0ffe3a0
Event: 0.176 Loaded shared library C:\Program Files\Java\jdk-18.0.1.1\bin\verify.dll
Event: 0.241 Thread 0x00000218c0c0a960 Thread added: 0x00000218c0c0a960
Event: 0.261 Thread 0x00000218c14caac0 Thread added: 0x00000218c14caac0
Event: 5.428 Thread 0x00000218c0c085f0 Thread exited: 0x00000218c0c085f0
Event: 5.428 Thread 0x00000218c0c0b890 Thread exited: 0x00000218c0c0b890
Event: 5.443 Thread 0x00000218c0c0a960 Thread exited: 0x00000218c0c0a960
Event: 10.431 Thread 0x00000218c0c0b380 Thread exited: 0x00000218c0c0b380
Event: 10.431 Thread 0x00000218c0c08b00 Thread exited: 0x00000218c0c08b00


Dynamic libraries:
0x00007ff6c4540000 - 0x00007ff6c4550000 	C:\Program Files\Java\jdk-18.0.1.1\bin\javaw.exe
0x00007ff95d1b0000 - 0x00007ff95d3c4000 	C:\WINDOWS\SYSTEM32\ntdll.dll
0x00007ff95bcc0000 - 0x00007ff95bd82000 	C:\WINDOWS\System32\KERNEL32.DLL
0x00007ff95aa30000 - 0x00007ff95adcc000 	C:\WINDOWS\System32\KERNELBASE.dll
0x00007ff95add0000 - 0x00007ff95aee1000 	C:\WINDOWS\System32\ucrtbase.dll
0x00007ff94ca10000 - 0x00007ff94ca2a000 	C:\Program Files\Java\jdk-18.0.1.1\bin\VCRUNTIME140.dll
0x00007ff954f50000 - 0x00007ff954f68000 	C:\Program Files\Java\jdk-18.0.1.1\bin\jli.dll
0x00007ff95cfd0000 - 0x00007ff95d07e000 	C:\WINDOWS\System32\ADVAPI32.dll
0x00007ff95b0d0000 - 0x00007ff95b177000 	C:\WINDOWS\System32\msvcrt.dll
0x00007ff95c0d0000 - 0x00007ff95c174000 	C:\WINDOWS\System32\sechost.dll
0x00007ff95bb20000 - 0x00007ff95bc35000 	C:\WINDOWS\System32\RPCRT4.dll
0x00007ff95b950000 - 0x00007ff95bafa000 	C:\WINDOWS\System32\USER32.dll
0x00007ff945000000 - 0x00007ff94528e000 	C:\WINDOWS\WinSxS\amd64_microsoft.windows.common-controls_6595b64144ccf1df_6.0.22621.608_none_a9444ca7c10bb01d\COMCTL32.dll
0x00007ff95a700000 - 0x00007ff95a726000 	C:\WINDOWS\System32\win32u.dll
0x00007ff95c0a0000 - 0x00007ff95c0c9000 	C:\WINDOWS\System32\GDI32.dll
0x00007ff95a5e0000 - 0x00007ff95a6f2000 	C:\WINDOWS\System32\gdi32full.dll
0x00007ff95a990000 - 0x00007ff95aa2a000 	C:\WINDOWS\System32\msvcp_win.dll
0x00007ff950d60000 - 0x00007ff950d6a000 	C:\WINDOWS\SYSTEM32\VERSION.dll
0x00007ff95bd90000 - 0x00007ff95bdc1000 	C:\WINDOWS\System32\IMM32.DLL
0x00007ff955ae0000 - 0x00007ff955aec000 	C:\Program Files\Java\jdk-18.0.1.1\bin\vcruntime140_1.dll
0x00007ff938ed0000 - 0x00007ff938f5d000 	C:\Program Files\Java\jdk-18.0.1.1\bin\msvcp140.dll
0x00007ff8ef600000 - 0x00007ff8f0210000 	C:\Program Files\Java\jdk-18.0.1.1\bin\server\jvm.dll
0x00007ff95bb10000 - 0x00007ff95bb18000 	C:\WINDOWS\System32\PSAPI.DLL
0x00007ff954f40000 - 0x00007ff954f49000 	C:\WINDOWS\SYSTEM32\WSOCK32.dll
0x00007ff952570000 - 0x00007ff9525a4000 	C:\WINDOWS\SYSTEM32\WINMM.dll
0x00007ff95bc40000 - 0x00007ff95bcb1000 	C:\WINDOWS\System32\WS2_32.dll
0x00007ff959750000 - 0x00007ff959768000 	C:\WINDOWS\SYSTEM32\kernel.appcore.dll
0x00007ff94ef90000 - 0x00007ff94ef9a000 	C:\Program Files\Java\jdk-18.0.1.1\bin\jimage.dll
0x00007ff93f590000 - 0x00007ff93f7be000 	C:\WINDOWS\SYSTEM32\DBGHELP.DLL
0x00007ff95cc40000 - 0x00007ff95cfc9000 	C:\WINDOWS\System32\combase.dll
0x00007ff95d090000 - 0x00007ff95d167000 	C:\WINDOWS\System32\OLEAUT32.dll
0x00007ff93f550000 - 0x00007ff93f582000 	C:\WINDOWS\SYSTEM32\dbgcore.DLL
0x00007ff95a730000 - 0x00007ff95a7ab000 	C:\WINDOWS\System32\bcryptPrimitives.dll
0x00007ff947030000 - 0x00007ff94706b000 	C:\Program Files\Java\jdk-18.0.1.1\bin\jdwp.dll
0x00007ff955b30000 - 0x00007ff955b3e000 	C:\Program Files\Java\jdk-18.0.1.1\bin\instrument.dll
0x00007ff943760000 - 0x00007ff943785000 	C:\Program Files\Java\jdk-18.0.1.1\bin\java.dll
0x00007ff929d30000 - 0x00007ff929e06000 	C:\Program Files\Java\jdk-18.0.1.1\bin\jsvml.dll
0x00007ff95c180000 - 0x00007ff95c95d000 	C:\WINDOWS\System32\SHELL32.dll
0x00007ff958650000 - 0x00007ff958f07000 	C:\WINDOWS\SYSTEM32\windows.storage.dll
0x00007ff958510000 - 0x00007ff95864d000 	C:\WINDOWS\SYSTEM32\wintypes.dll
0x00007ff95cae0000 - 0x00007ff95cbd1000 	C:\WINDOWS\System32\SHCORE.dll
0x00007ff95b1a0000 - 0x00007ff95b1fe000 	C:\WINDOWS\System32\shlwapi.dll
0x00007ff95a510000 - 0x00007ff95a531000 	C:\WINDOWS\SYSTEM32\profapi.dll
0x00007ff94c220000 - 0x00007ff94c22c000 	C:\Program Files\Java\jdk-18.0.1.1\bin\dt_socket.dll
0x00007ff959210000 - 0x00007ff95923d000 	C:\WINDOWS\SYSTEM32\IPHLPAPI.DLL
0x00007ff959bb0000 - 0x00007ff959c19000 	C:\WINDOWS\system32\mswsock.dll
0x00007ff959240000 - 0x00007ff959332000 	C:\WINDOWS\SYSTEM32\DNSAPI.dll
0x00007ff95bb00000 - 0x00007ff95bb09000 	C:\WINDOWS\System32\NSI.dll
0x00007ff950b70000 - 0x00007ff950b7a000 	C:\Windows\System32\rasadhlp.dll
0x00007ff952270000 - 0x00007ff9522f3000 	C:\WINDOWS\System32\fwpuclnt.dll
0x00007ff93f900000 - 0x00007ff93f918000 	C:\Program Files\Java\jdk-18.0.1.1\bin\zip.dll
0x00007ff943740000 - 0x00007ff943753000 	C:\Program Files\Java\jdk-18.0.1.1\bin\net.dll
0x00007ff952bb0000 - 0x00007ff952cdf000 	C:\WINDOWS\SYSTEM32\WINHTTP.dll
0x00007ff9431c0000 - 0x00007ff9431d6000 	C:\Program Files\Java\jdk-18.0.1.1\bin\nio.dll
0x00007ff94ca00000 - 0x00007ff94ca10000 	C:\Program Files\Java\jdk-18.0.1.1\bin\verify.dll
0x00007ff952da0000 - 0x00007ff952db9000 	C:\WINDOWS\SYSTEM32\dhcpcsvc6.DLL
0x00007ff952d80000 - 0x00007ff952d9f000 	C:\WINDOWS\SYSTEM32\dhcpcsvc.DLL

dbghelp: loaded successfully - version: 4.0.5 - missing functions: none
symbol engine: initialized successfully - sym options: 0x614 - pdb path: .;C:\Program Files\Java\jdk-18.0.1.1\bin;C:\WINDOWS\SYSTEM32;C:\WINDOWS\WinSxS\amd64_microsoft.windows.common-controls_6595b64144ccf1df_6.0.22621.608_none_a9444ca7c10bb01d;C:\Program Files\Java\jdk-18.0.1.1\bin\server

VM Arguments:
jvm_args: -XX:+ShowCodeDetailsInExceptionMessages -agentlib:jdwp=transport=dt_socket,suspend=y,address=localhost:32829 -ea -javaagent:C:\Users\Kamdon Bird\eclipse\java-2022-06\eclipse\configuration\org.eclipse.osgi\215\0\.cp\lib\javaagent-shaded.jar -Dfile.encoding=UTF-8 
java_command: org.eclipse.jdt.internal.junit.runner.RemoteTestRunner -version 3 -port 32828 -testLoaderClass org.eclipse.jdt.internal.junit5.runner.JUnit5TestLoader -loaderpluginname org.eclipse.jdt.junit5.runtime -classNames a01.PercolationTest
java_class_path (initial): C:\Users\Kamdon Bird\Documents\CSIS-Courses\CSIS2420_Assignments\bin;C:\Users\Kamdon Bird\Documents\CSIS-Courses\CSIS2420_Assignments\A01 - Percolation\a01\algs4.jar;C:\Users\Kamdon Bird\.p2\pool\plugins\org.junit.jupiter.api_5.8.1.v20211018-1956.jar;C:\Users\Kamdon Bird\.p2\pool\plugins\org.junit.jupiter.engine_5.8.1.v20211018-1956.jar;C:\Users\Kamdon Bird\.p2\pool\plugins\org.junit.jupiter.migrationsupport_5.8.1.v20211018-1956.jar;C:\Users\Kamdon Bird\.p2\pool\plugins\org.junit.jupiter.params_5.8.1.v20211018-1956.jar;C:\Users\Kamdon Bird\.p2\pool\plugins\org.junit.platform.commons_1.8.1.v20211018-1956.jar;C:\Users\Kamdon Bird\.p2\pool\plugins\org.junit.platform.engine_1.8.1.v20211018-1956.jar;C:\Users\Kamdon Bird\.p2\pool\plugins\org.junit.platform.launcher_1.8.1.v20211018-1956.jar;C:\Users\Kamdon Bird\.p2\pool\plugins\org.junit.platform.runner_1.8.1.v20211018-1956.jar;C:\Users\Kamdon Bird\.p2\pool\plugins\org.junit.platform.suite.api_1.8.1.v20211018-1956.jar;C:\Users\Kamdon Bird\.p2\pool\plugins\org.junit.platform.suite.engine_1.8.1.v20211028-1957.jar;C:\Users\Kamdon Bird\.p2\pool\plugins\org.junit.platform.suite.commons_1.8.1.v20211018-1956.jar;C:\Users\Kamdon Bird\.p2\pool\plugins\org.junit.vintage.engine_5.8.1.v20211018-1956.jar;C:\Users\Kamdon Bird\.p2\pool\plugins\org.opentest4j_1.2.0.v20211018-1956.jar;C:\Users\Kamdon Bird\.p2\pool\plugins\org.apiguardian_1.1.2.v20211018-1956.jar;C:\Users\Kamdon Bird\.p2\pool\plugins\org.junit_4.13.2.v20211018-1956.jar;C:\Users\Kamdon Bird\.p2\pool\plugins\org.hamcrest.core_1.3.0.v20180420-1519.jar;C:\Users\Kamdon Bird\eclipse\java-2022-06\eclipse\configuration\org.eclipse.osgi\214\0\.cp;C:\Users\Kamdon Bird\eclipse\java-2022-06\eclipse\configuration\org.eclipse.osgi\212\0\.cp
Launcher Type: SUN_STANDARD

[Global flags]
     intx CICompilerCount                          = 12                                        {product} {ergonomic}
     uint ConcGCThreads                            = 4                                         {product} {ergonomic}
     uint G1ConcRefinementThreads                  = 15                                        {product} {ergonomic}
   size_t G1HeapRegionSize                         = 4194304                                   {product} {ergonomic}
    uintx GCDrainStackTargetSize                   = 64                                        {product} {ergonomic}
   size_t InitialHeapSize                          = 536870912                                 {product} {ergonomic}
   size_t MarkStackSize                            = 4194304                                   {product} {ergonomic}
   size_t MaxHeapSize                              = 8556380160                                {product} {ergonomic}
   size_t MaxNewSize                               = 5133828096                                {product} {ergonomic}
   size_t MinHeapDeltaBytes                        = 4194304                                   {product} {ergonomic}
   size_t MinHeapSize                              = 8388608                                   {product} {ergonomic}
    uintx NonNMethodCodeHeapSize                   = 7602480                                {pd product} {ergonomic}
    uintx NonProfiledCodeHeapSize                  = 122027880                              {pd product} {ergonomic}
    uintx ProfiledCodeHeapSize                     = 122027880                              {pd product} {ergonomic}
    uintx ReservedCodeCacheSize                    = 251658240                              {pd product} {ergonomic}
     bool SegmentedCodeCache                       = true                                      {product} {ergonomic}
     bool ShowCodeDetailsInExceptionMessages       = true                                   {manageable} {command line}
   size_t SoftMaxHeapSize                          = 8556380160                             {manageable} {ergonomic}
     bool UseCompressedClassPointers               = true                           {product lp64_product} {ergonomic}
     bool UseCompressedOops                        = true                           {product lp64_product} {ergonomic}
     bool UseG1GC                                  = true                                      {product} {ergonomic}
     bool UseLargePagesIndividualAllocation        = false                                  {pd product} {ergonomic}

Logging:
Log output configuration:
 #0: stdout all=warning uptime,level,tags foldmultilines=false
 #1: stderr all=off uptime,level,tags foldmultilines=false

Environment Variables:
PATH=C:\Program Files\Common Files\Oracle\Java\javapath;C:\Program Files (x86)\NVIDIA Corporation\PhysX\Common;C:\Program Files\Oculus\Support\oculus-runtime;C:\Program Files (x86)\Common Files\Oracle\Java\javapath;C:\Program Files (x86)\Common Files\Intel\Shared Libraries\redist\intel64\compiler;C:\Windows\system32;C:\Windows;C:\Windows\System32\Wbem;C:\Windows\System32\WindowsPowerShell\v1.0\;C:\Windows\System32\OpenSSH\;C:\Program Files\Git\cmd;C:\WINDOWS\system32;C:\WINDOWS;C:\WINDOWS\System32\Wbem;C:\WINDOWS\System32\WindowsPowerShell\v1.0\;C:\WINDOWS\System32\OpenSSH\;C:\Program Files\nodejs\;C:\ProgramData\chocolatey\bin;C:\Users\Kamdon Bird\AppData\Local\Microsoft\WindowsApps;C:\Program Files\JetBrains\PyCharm Community Edition 2022.1.2\bin;;C:\Users\Kamdon Bird\AppData\Local\GitHubDesktop\bin;;C:\Users\Kamdon Bird\AppData\Local\Programs\Microsoft VS Code\bin;C:\Users\Kamdon Bird\AppData\Roaming\npm
USERNAME=Kamdon Bird
OS=Windows_NT
PROCESSOR_IDENTIFIER=Intel64 Family 6 Model 151 Stepping 2, GenuineIntel



---------------  S Y S T E M  ---------------

OS:
 Windows 11 , 64 bit Build 22621 (10.0.22621.608)
OS uptime: 0 days 1:07 hours

CPU: total 20 (initial active 20) (10 cores per cpu, 2 threads per core) family 6 model 151 stepping 2 microcode 0x11, cx8, cmov, fxsr, ht, mmx, 3dnowpref, sse, sse2, sse3, ssse3, sse4.1, sse4.2, popcnt, lzcnt, tsc, tscinvbit, avx, avx2, aes, erms, clmul, bmi1, bmi2, adx, sha, fma, vzeroupper, clflush, clflushopt, clwb, serialize

Memory: 4k page, system-wide physical 32627M (27106M free)
TotalPageFile size 34675M (AvailPageFile size 26424M)
current process WorkingSet (physical memory assigned to process): 79M, peak: 93M
current process commit charge ("private bytes"): 639M, peak: 652M

vm_info: Java HotSpot(TM) 64-Bit Server VM (18.0.1.1+2-6) for windows-amd64 JRE (18.0.1.1+2-6), built on Apr 25 2022 21:53:15 by "mach5one" with MS VC++ 16.8 / 16.9 (VS2019)

END.
